Arguments: 
  /usr/local/bin/node /usr/local/bin/yarn add language-check

PATH: 
  /opt/homebrew/bin:/usr/local/bin:/usr/bin:/bin:/usr/sbin:/sbin:/Users/krishnakantsingh/.nexustools

Yarn version: 
  1.22.19

Node version: 
  18.12.0

Platform: 
  darwin arm64

Trace: 
  Error: https://registry.yarnpkg.com/language-check: Not found
      at params.callback [as _callback] (/usr/local/lib/node_modules/yarn/lib/cli.js:66145:18)
      at self.callback (/usr/local/lib/node_modules/yarn/lib/cli.js:140890:22)
      at Request.emit (node:events:513:28)
      at Request.<anonymous> (/usr/local/lib/node_modules/yarn/lib/cli.js:141862:10)
      at Request.emit (node:events:513:28)
      at IncomingMessage.<anonymous> (/usr/local/lib/node_modules/yarn/lib/cli.js:141784:12)
      at Object.onceWrapper (node:events:627:28)
      at IncomingMessage.emit (node:events:525:35)
      at endReadableNT (node:internal/streams/readable:1359:12)
      at process.processTicksAndRejections (node:internal/process/task_queues:82:21)

npm manifest: 
  {
    "name": "server",
    "version": "1.0.0",
    "description": "",
    "main": "index.js",
    "scripts": {
      "test": "echo \"Error: no test specified\" && exit 1"
    },
    "author": "",
    "license": "ISC",
    "dependencies": {
      "@yimura/scraper": "^1.2.4",
      "puppeteer": "^19.4.0",
      "puppeteer-extra": "^3.3.4",
      "puppeteer-extra-plugin-stealth": "^2.11.1",
      "scrape-youtube": "^2.3.2",
      "selenium-webdriver": "^4.7.0",
      "youtube-extractor": "^1.0.2",
      "youtube-scrapper": "^1.4.0"
    }
  }

yarn manifest: 
  No manifest

Lockfile: 
  No lockfile
